Arguments: 
  /usr/local/bin/node /usr/local/bin/yarn add @ng-bootstrap

PATH: 
  /usr/local/bin:/usr/bin:/bin:/usr/sbin:/sbin:/Library/Apple/usr/bin

Yarn version: 
  1.22.5

Node version: 
  12.13.0

Platform: 
  darwin x64

Trace: 
  Error: https://registry.yarnpkg.com/@ng-bootstrap: Request "https://registry.yarnpkg.com/@ng-bootstrap" returned a 405
      at Request.params.callback [as _callback] (/usr/local/lib/node_modules/yarn/lib/cli.js:66997:18)
      at Request.self.callback (/usr/local/lib/node_modules/yarn/lib/cli.js:140662:22)
      at Request.emit (events.js:210:5)
      at Request.<anonymous> (/usr/local/lib/node_modules/yarn/lib/cli.js:141634:10)
      at Request.emit (events.js:210:5)
      at IncomingMessage.<anonymous> (/usr/local/lib/node_modules/yarn/lib/cli.js:141556:12)
      at Object.onceWrapper (events.js:299:28)
      at IncomingMessage.emit (events.js:215:7)
      at endReadableNT (_stream_readable.js:1183:12)
      at processTicksAndRejections (internal/process/task_queues.js:80:21)

npm manifest: 
  {
    "name": "angular-assignment",
    "version": "0.0.0",
    "scripts": {
      "ng": "ng",
      "start": "ng serve",
      "build": "ng build",
      "test": "ng test",
      "lint": "ng lint",
      "e2e": "ng e2e"
    },
    "private": true,
    "dependencies": {
      "@angular/animations": "~10.1.4",
      "@angular/common": "~10.1.4",
      "@angular/compiler": "~10.1.4",
      "@angular/core": "~10.1.4",
      "@angular/forms": "~10.1.4",
      "@angular/platform-browser": "~10.1.4",
      "@angular/platform-browser-dynamic": "~10.1.4",
      "@angular/router": "~10.1.4",
      "bootstrap": "^4.5.2",
      "jquery": "^3.5.1",
      "popper.js": "^1.16.1",
      "rxjs": "~6.6.0",
      "tslib": "^2.0.0",
      "zone.js": "~0.10.2"
    },
    "devDependencies": {
      "@angular-devkit/build-angular": "~0.1001.4",
      "@angular/cli": "~10.1.4",
      "@angular/compiler-cli": "~10.1.4",
      "@types/node": "^12.11.1",
      "@types/jasmine": "~3.5.0",
      "@types/jasminewd2": "~2.0.3",
      "codelyzer": "^6.0.0",
      "jasmine-core": "~3.6.0",
      "jasmine-spec-reporter": "~5.0.0",
      "karma": "~5.0.0",
      "karma-chrome-launcher": "~3.1.0",
      "karma-coverage-istanbul-reporter": "~3.0.2",
      "karma-jasmine": "~4.0.0",
      "karma-jasmine-html-reporter": "^1.5.0",
      "protractor": "~7.0.0",
      "ts-node": "~8.3.0",
      "tslint": "~6.1.0",
      "typescript": "~4.0.2"
    }
  }

yarn manifest: 
  No manifest

Lockfile: 
  No lockfile
